{"level":"info","message":"hello"}
{"level":"info","message":"hello"}
{"level":"info","message":"\u001b[0mGET /auth/login \u001b[36m304\u001b[0m 15.732 ms - -\u001b[0m\n"}
{"level":"info","message":"hello"}
{"level":"info","message":"::1 - - [21/Aug/2022:16:14:53 +0000] \"GET /auth/login HTTP/1.1\" 304 - \"-\" \"Mozilla/5.0 (Windows NT 10.0; Win64; x64) AppleWebKit/537.36 (KHTML, like Gecko) Chrome/104.0.0.0 Safari/537.36\"\n"}
{"level":"info","message":"::1 - - [22/Aug/2022:17:31:21 +0000] \"GET /movies/1 HTTP/1.1\" 200 15 \"-\" \"PostmanRuntime/7.29.2\"\n"}
{"level":"info","message":"::1 - - [25/Aug/2022:16:37:06 +0000] \"GET /movies/1 HTTP/1.1\" 500 1318 \"-\" \"PostmanRuntime/7.29.2\"\n"}
{"level":"info","message":"::1 - - [25/Aug/2022:16:37:33 +0000] \"GET /movies/1 HTTP/1.1\" 200 15775 \"-\" \"PostmanRuntime/7.29.2\"\n"}
{"level":"info","message":"::1 - - [25/Aug/2022:16:38:22 +0000] \"GET /movies/2 HTTP/1.1\" 200 16113 \"-\" \"PostmanRuntime/7.29.2\"\n"}
{"level":"info","message":"::1 - - [25/Aug/2022:17:03:33 +0000] \"GET /movies/573a1391f29313caabcd821b HTTP/1.1\" 200 14835 \"-\" \"PostmanRuntime/7.29.2\"\n"}
{"level":"info","message":"::1 - - [27/Aug/2022:09:35:00 +0000] \"GET /movies/123 HTTP/1.1\" 200 16282 \"-\" \"PostmanRuntime/7.29.2\"\n"}
{"level":"info","message":"::1 - - [27/Aug/2022:09:37:25 +0000] \"GET /movies/573a1394f29313caabcdfecb HTTP/1.1\" 200 16632 \"-\" \"PostmanRuntime/7.29.2\"\n"}
{"level":"info","message":"::1 - - [27/Aug/2022:09:47:50 +0000] \"GET /comments HTTP/1.1\" 404 147 \"-\" \"PostmanRuntime/7.29.2\"\n"}
{"level":"info","message":"::1 - - [27/Aug/2022:09:51:31 +0000] \"GET /comments HTTP/1.1\" - - \"-\" \"PostmanRuntime/7.29.2\"\n"}
{"level":"info","message":"::1 - - [27/Aug/2022:09:52:37 +0000] \"GET /comments HTTP/1.1\" 500 1265 \"-\" \"PostmanRuntime/7.29.2\"\n"}
{"level":"info","message":"::1 - - [27/Aug/2022:09:53:07 +0000] \"GET /comments HTTP/1.1\" 404 9 \"-\" \"PostmanRuntime/7.29.2\"\n"}
{"level":"error","message":"Not Found"}
{"level":"info","message":"::1 - - [27/Aug/2022:10:17:35 +0000] \"GET /comments HTTP/1.1\" 404 23 \"-\" \"PostmanRuntime/7.29.2\"\n"}
{"level":"error","message":"Bad Request"}
{"level":"info","message":"::1 - - [27/Aug/2022:10:21:01 +0000] \"GET /movies/name HTTP/1.1\" 400 25 \"-\" \"PostmanRuntime/7.29.2\"\n"}
{"level":"error","message":"Bad Request"}
{"level":"info","message":"::1 - - [27/Aug/2022:10:22:31 +0000] \"GET /movies/name HTTP/1.1\" 400 25 \"-\" \"PostmanRuntime/7.29.2\"\n"}
